[dalvik.vm.appimageformat]: [lz4]
[dalvik.vm.dex2oat-Xms]: [64m]
[dalvik.vm.dex2oat-Xmx]: [512m]
[dalvik.vm.dex2oat-minidebuginfo]: [true]
[dalvik.vm.dexopt.secondary]: [true]
[dalvik.vm.heapsize]: [512m]
[dalvik.vm.image-dex2oat-Xms]: [64m]
[dalvik.vm.image-dex2oat-Xmx]: [64m]
[dalvik.vm.isa.x86.features]: [default]
[dalvik.vm.isa.x86.variant]: [x86]
[dalvik.vm.lockprof.threshold]: [500]
[dalvik.vm.minidebuginfo]: [true]
[dalvik.vm.usejit]: [true]
[dalvik.vm.usejitprofiles]: [true]
[debug.atrace.tags.enableflags]: [0]
[debug.force_rtl]: [false]
[debug.hwui.renderer]: [skiagl]
[dev.bootcomplete]: [1]
[dev.mnt.blk.data]: [vdc]
[drm.service.enabled]: [true]
[dumpstate.last_id]: [2]
[gsm.current.phone-type]: [1]
[gsm.defaultpdpcontext.active]: [true]
[gsm.network.type]: [LTE]
[gsm.operator.alpha]: [Android]
[gsm.operator.iso-country]: [us]
[gsm.operator.isroaming]: [false]
[gsm.operator.numeric]: [310260]
[gsm.sim.operator.alpha]: []
[gsm.sim.operator.iso-country]: [us]
[gsm.sim.operator.numeric]: [310260]
[gsm.sim.state]: [LOADED]
[gsm.version.baseband]: [1.0.0.0]
[gsm.version.ril-impl]: [android reference-ril 1.0]
[hwservicemanager.ready]: [true]
[init.svc.adbd]: [running]
[init.svc.apexd]: [running]
[init.svc.apexd-bootstrap]: [stopped]
[init.svc.ashmemd]: [running]
[init.svc.audioserver]: [running]
[init.svc.bootanim]: [stopped]
[init.svc.bpfloader]: [stopped]
[init.svc.broadcastradio-hal]: [running]
[init.svc.bugreport]: [stopped]
[init.svc.cameraserver]: [running]
[init.svc.console]: [running]
[init.svc.dhcpclient_rtr]: [running]
[init.svc.dhcpserver]: [running]
[init.svc.drm]: [running]
[init.svc.dumpstatez]: [stopped]
[init.svc.emu_hostapd]: [running]
[init.svc.gatekeeperd]: [running]
[init.svc.goldfish-logcat]: [stopped]
[init.svc.gpu]: [running]
[init.svc.healthd]: [running]
[init.svc.hidl_memory]: [running]
[init.svc.hwservicemanager]: [running]
[init.svc.idmap2d]: [running]
[init.svc.incidentd]: [running]
[init.svc.installd]: [running]
[init.svc.iorapd]: [stopped]
[init.svc.ipv6proxy]: [running]
[init.svc.keystore]: [running]
[init.svc.llkd-1]: [running]
[init.svc.lmkd]: [running]
[init.svc.logd]: [running]
[init.svc.logd-reinit]: [stopped]
[init.svc.mdnsd]: [running]
[init.svc.media]: [running]
[init.svc.media.swcodec]: [running]
[init.svc.mediadrm]: [running]
[init.svc.mediaextractor]: [running]
[init.svc.mediametrics]: [running]
[init.svc.netd]: [running]
[init.svc.netmgr]: [running]
[init.svc.qemu-props]: [running]
[init.svc.ranchu-net]: [stopped]
[init.svc.ranchu-setup]: [stopped]
[init.svc.servicemanager]: [running]
[init.svc.statsd]: [running]
[init.svc.storaged]: [running]
[init.svc.surfaceflinger]: [running]
[init.svc.system_suspend]: [running]
[init.svc.tombstoned]: [running]
[init.svc.traced]: [running]
[init.svc.traced_probes]: [running]
[init.svc.ueventd]: [running]
[init.svc.update_verifier_nonencrypted]: [stopped]
[init.svc.usbd]: [stopped]
[init.svc.vndservicemanager]: [running]
[init.svc.vold]: [running]
[init.svc.wificond]: [running]
[init.svc.wpa_supplicant]: [running]
[init.svc.zygote]: [running]
[log.tag.APM_AudioPolicyManager]: [D]
[log.tag.WifiHAL]: [D]
[log.tag.stats_log]: [I]
[logd.logpersistd.enable]: [true]
[media.mediadrmservice.enable]: [true]
[net.bt.name]: [Android]
[net.qtaguid_enabled]: [1]
[net.tcp.default_init_rwnd]: [60]
[persist.sys.boot.reason]: []
[persist.sys.boot.reason.history]: [reboot,factory_reset,1557283314
reboot,1557283293]
[persist.sys.dalvik.vm.lib.2]: [libart.so]
[persist.sys.disable_rescue]: [true]
[persist.sys.displayinset.top]: [0]
[persist.sys.gps.lpp]: [0]
[persist.sys.isolated_storage]: [true]
[persist.sys.timezone]: [GMT]
[persist.sys.usb.config]: [adb]
[persist.traced.enable]: [1]
[pm.dexopt.ab-ota]: [speed-profile]
[pm.dexopt.bg-dexopt]: [speed-profile]
[pm.dexopt.boot]: [verify]
[pm.dexopt.first-boot]: [quicken]
[pm.dexopt.inactive]: [verify]
[pm.dexopt.install]: [speed-profile]
[pm.dexopt.shared]: [speed]
[qemu.gles]: [1]
[qemu.hw.mainkeys]: [0]
[qemu.sf.fake_camera]: [front]
[qemu.sf.lcd_density]: [560]
[qemu.timezone]: [Unknown/Unknown]
[ro.actionable_compatible_property.enabled]: [true]
[ro.adb.secure]: [0]
[ro.allow.mock.location]: [0]
[ro.baseband]: [unknown]
[ro.bionic.ld.warning]: [1]
[ro.board.platform]: []
[ro.boot.android_dt_dir]: [/proc/device-tree/firmware/android/]
[ro.boot.bootreason]: [reboot,factory_reset]
[ro.boot.hardware]: [ranchu]
[ro.boot.serialno]: [EMULATOR29X0X9X0]
[ro.boot.verifiedbootstate]: [orange]
[ro.boot.veritymode]: [enforcing]
[ro.bootimage.build.date]: [Thu Apr 25 21:20:31 UTC 2019]
[ro.bootimage.build.date.utc]: [1556227231]
[ro.bootimage.build.fingerprint]: [google/sdk_gphone_x86/generic_x86:10/QPP3.190404.015.A1/5506116:userdebug/dev-keys]
[ro.bootimage.build.id]: [QPP3.190404.015.A1]
[ro.bootimage.build.tags]: [dev-keys]
[ro.bootimage.build.type]: [userdebug]
[ro.bootimage.build.version.incremental]: [5506116]
[ro.bootimage.build.version.release]: [10]
[ro.bootimage.build.version.sdk]: [28]
[ro.bootloader]: [unknown]
[ro.bootmode]: [unknown]
[ro.build.ab_update]: [true]
[ro.build.characteristics]: [emulator]
[ro.build.date]: [Thu Apr 25 21:20:31 UTC 2019]
[ro.build.date.utc]: [1556227231]
[ro.build.description]: [sdk_gphone_x86-userdebug 10 QPP3.190404.015.A1 5506116 dev-keys]
[ro.build.display.id]: [sdk_gphone_x86-userdebug 10 QPP3.190404.015.A1 5506116 dev-keys]
[ro.build.fingerprint]: [google/sdk_gphone_x86/generic_x86:10/QPP3.190404.015.A1/5506116:userdebug/dev-keys]
[ro.build.flavor]: [sdk_gphone_x86-userdebug]
[ro.build.host]: [wprf2.hot.corp.google.com]
[ro.build.id]: [QPP3.190404.015.A1]
[ro.build.product]: [generic_x86]
[ro.build.system_root_image]: [true]
[ro.build.tags]: [dev-keys]
[ro.build.type]: [userdebug]
[ro.build.user]: [android-build]
[ro.build.version.all_codenames]: [Q]
[ro.build.version.base_os]: []
[ro.build.version.codename]: [Q]
[ro.build.version.incremental]: [5506116]
[ro.build.version.min_supported_target_sdk]: [23]
[ro.build.version.preview_sdk]: [1]
[ro.build.version.preview_sdk_fingerprint]: [8777edb1cea5f2ed3c63f7ca30e84f1b]
[ro.build.version.release]: [10]
[ro.build.version.sdk]: [28]
[ro.build.version.security_patch]: [2019-05-05]
[ro.carrier]: [unknown]
[ro.com.google.ime.theme_id]: [5]
[ro.com.google.locationfeatures]: [1]
[ro.config.alarm_alert]: [Alarm_Classic.ogg]
[ro.config.nocheckin]: [yes]
[ro.config.notification_sound]: [OnTheHunt.ogg]
[ro.config.ringtone]: [Ring_Synth_04.ogg]
[ro.control_privapp_permissions]: [enforce]
[ro.cp_system_other_odex]: [0]
[ro.crypto.state]: [encrypted]
[ro.crypto.type]: [file]
[ro.dalvik.vm.native.bridge]: [0]
[ro.debuggable]: [1]
[ro.device_owner]: [false]
[ro.hardware]: [ranchu]
[ro.hardware.audio.primary]: [goldfish]
[ro.hardware.power]: [ranchu]
[ro.hwui.use_vulkan]: []
[ro.iorapd.enable]: [false]
[ro.kernel.PARTUUID]: [62F7BE4D-47FF-40EE-A60E-90843A9BC365]
[ro.kernel.android.checkjni]: [1]
[ro.kernel.android.qemud]: [1]
[ro.kernel.androidboot.android_dt_dir]: [/proc/device-tree/firmware/android/]
[ro.kernel.androidboot.hardware]: [ranchu]
[ro.kernel.androidboot.serialno]: [EMULATOR29X0X9X0]
[ro.kernel.androidboot.verifiedbootstate]: [orange]
[ro.kernel.androidboot.veritymode]: [enforcing]
[ro.kernel.clocksource]: [pit]
[ro.kernel.cma]: [314M@0-4G]
[ro.kernel.console]: [0]
[ro.kernel.dm]: ["1]
[ro.kernel.init]: [/init]
[ro.kernel.loop.max_part]: [7]
[ro.kernel.mac80211_hwsim.channels]: [2]
[ro.kernel.mac80211_hwsim.mac_prefix]: [5554]
[ro.kernel.memmap]: [0x10000$0xff018000]
[ro.kernel.ndns]: [4]
[ro.kernel.qemu]: [1]
[ro.kernel.qemu.dalvik.vm.heapsize]: [512m]
[ro.kernel.qemu.encrypt]: [1]
[ro.kernel.qemu.gles]: [1]
[ro.kernel.qemu.opengles.version]: [196609]
[ro.kernel.qemu.settings.system.screen_off_timeout]: [2147483647]
[ro.kernel.qemu.uirenderer]: [skiagl]
[ro.kernel.qemu.wifi]: [1]
[ro.kernel.ramoops.mem_address]: [0xff018000]
[ro.kernel.ramoops.mem_size]: [0x10000]
[ro.kernel.root]: [/dev/dm-0]
[ro.lmk.log_stats]: [true]
[ro.logd.size.stats]: [64K]
[ro.opa.eligible_device]: [true]
[ro.opengles.version]: [196609]
[ro.postinstall.fstab.prefix]: [/system]
[ro.product.board]: [goldfish_x86]
[ro.product.bootimage.brand]: [google]
[ro.product.bootimage.device]: [generic_x86]
[ro.product.bootimage.manufacturer]: [Google]
[ro.product.bootimage.model]: [Android SDK built for x86]
[ro.product.bootimage.name]: [sdk_gphone_x86]
[ro.product.brand]: [google]
[ro.product.cpu.abi]: [x86]
[ro.product.cpu.abilist]: [x86]
[ro.product.cpu.abilist32]: [x86]
[ro.product.cpu.abilist64]: []
[ro.product.device]: [generic_x86]
[ro.product.first_api_level]: [28]
[ro.product.locale]: [en-US]
[ro.product.manufacturer]: [Google]
[ro.product.model]: [Android SDK built for x86]
[ro.product.name]: [sdk_gphone_x86]
[ro.product.system.brand]: [google]
[ro.product.system.device]: [generic_x86]
[ro.product.system.manufacturer]: [Google]
[ro.product.system.model]: [Android SDK built for x86]
[ro.product.system.name]: [sdk_gphone_x86]
[ro.product.vendor.brand]: [google]
[ro.product.vendor.device]: [generic_x86]
[ro.product.vendor.manufacturer]: [Google]
[ro.product.vendor.model]: [Android SDK built for x86]
[ro.product.vendor.name]: [sdk_gphone_x86]
[ro.property_service.version]: [2]
[ro.revision]: [0]
[ro.secure]: [1]
[ro.serialno]: [EMULATOR29X0X9X0]
[ro.setupwizard.mode]: [DISABLED]
[ro.storage_manager.enabled]: [true]
[ro.system.build.date]: [Thu Apr 25 21:20:31 UTC 2019]
[ro.system.build.date.utc]: [1556227231]
[ro.system.build.fingerprint]: [google/sdk_gphone_x86/generic_x86:10/QPP3.190404.015.A1/5506116:userdebug/dev-keys]
[ro.system.build.id]: [QPP3.190404.015.A1]
[ro.system.build.tags]: [dev-keys]
[ro.system.build.type]: [userdebug]
[ro.system.build.version.incremental]: [5506116]
[ro.system.build.version.release]: [10]
[ro.system.build.version.sdk]: [28]
[ro.treble.enabled]: [true]
[ro.vendor.build.date]: [Thu Apr 25 21:20:31 UTC 2019]
[ro.vendor.build.date.utc]: [1556227231]
[ro.vendor.build.fingerprint]: [google/sdk_gphone_x86/generic_x86:10/QPP3.190404.015.A1/5506116:userdebug/dev-keys]
[ro.vendor.build.security_patch]: []
[ro.vndk.version]: [Q]
[ro.wifi.channels]: []
[ro.zygote]: [zygote32]
[ro.zygote.disable_gl_preload]: [1]
[security.perf_harden]: [1]
[selinux.restorecon_recursive]: [/data/misc_ce/0]
[service.bootanim.exit]: [1]
[service.sf.present_timestamp]: [1]
[setupwizard.feature.baseline_setupwizard_enabled]: [true]
[setupwizard.feature.deferred_setup_notification]: [false]
[setupwizard.feature.deferred_setup_suggestion]: [false]
[sys.boot.reason]: [reboot,factory_reset]
[sys.boot.reason.last]: [reboot]
[sys.boot_completed]: [1]
[sys.isolated_storage_snapshot]: [true]
[sys.logbootcomplete]: [1]
[sys.retaildemo.enabled]: [0]
[sys.sysctl.extra_free_kbytes]: [43200]
[sys.sysctl.tcp_def_init_rwnd]: [60]
[sys.system_server.start_count]: [1]
[sys.system_server.start_elapsed]: [6514]
[sys.system_server.start_uptime]: [6514]
[sys.usb.config]: [adb]
[sys.usb.configfs]: [0]
[sys.usb.state]: [adb]
[sys.use_memfd]: [false]
[sys.user.0.ce_available]: [true]
[sys.wifitracing.started]: [1]
[tombstoned.max_tombstone_count]: [50]
[vendor.qemu.dev.bootcomplete]: [1]
[vold.has_adoptable]: [1]
[vold.has_quota]: [1]
[vold.has_reserved]: [1]
[vold.post_fs_data_done]: [1]
[wifi.direct.interface]: [p2p-dev-wlan0]
[wifi.interface]: [wlan0]
[xmpp.auto-presence]: [true]
