
> Task :app:tasks

------------------------------------------------------------
All tasks runnable from project :app
------------------------------------------------------------

Android tasks
-------------
androidDependencies - Displays the Android dependencies of the project.
signingReport - Displays the signing info for each variant.
sourceSets - Prints out all the source sets defined in this project.

Build tasks
-----------
assemble - Assembles all variants of all applications and secondary packages.
assembleAndroidTest - Assembles all the Test applications.
assembleDebug - Assembles all Debug builds.
assembleDynamicProfile - Assembles all DynamicProfile builds.
assembleDynamicRelease - Assembles all DynamicRelease builds.
assembleProfile - Assembles all Profile builds.
assembleRelease - Assembles all Release builds.
build - Assembles and tests this project.
buildDependents - Assembles and tests this project and all projects that depend on it.
buildNeeded - Assembles and tests this project and all projects it depends on.
bundleDebug - Creates all Debug bundles.
bundleDynamicProfile - Creates all DynamicProfile bundles.
bundleDynamicRelease - Creates all DynamicRelease bundles.
bundleProfile - Creates all Profile bundles.
bundleRelease - Creates all Release bundles.
clean - Deletes the build directory.
cleanBuildCache - Deletes the build cache directory.
compileDebugAndroidTestSources
compileDebugSources
compileDebugUnitTestSources
compileDynamicProfileSources
compileDynamicProfileUnitTestSources
compileDynamicReleaseSources
compileDynamicReleaseUnitTestSources
compileProfileSources
compileProfileUnitTestSources
compileReleaseSources
compileReleaseUnitTestSources

Cleanup tasks
-------------
lintFix - Runs lint on all variants and applies any safe suggestions to the source code.

Help tasks
----------
buildEnvironment - Displays all buildscript dependencies declared in project ':app'.
components - Displays the components produced by project ':app'. [incubating]
dependencies - Displays all dependencies declared in project ':app'.
dependencyInsight - Displays the insight into a specific dependency in project ':app'.
dependentComponents - Displays the dependent components of components in project ':app'. [incubating]
help - Displays a help message.
model - Displays the configuration model of project ':app'. [incubating]
projects - Displays the sub-projects of project ':app'.
properties - Displays the properties of project ':app'.
tasks - Displays the tasks runnable from project ':app'.

Install tasks
-------------
installDebug - Installs the Debug build.
installDebugAndroidTest - Installs the android (on device) tests for the Debug build.
installDynamicProfile - Installs the DynamicProfile build.
installDynamicRelease - Installs the DynamicRelease build.
installProfile - Installs the Profile build.
installRelease - Installs the Release build.
uninstallAll - Uninstall all applications.
uninstallDebug - Uninstalls the Debug build.
uninstallDebugAndroidTest - Uninstalls the android (on device) tests for the Debug build.
uninstallDynamicProfile - Uninstalls the DynamicProfile build.
uninstallDynamicRelease - Uninstalls the DynamicRelease build.
uninstallProfile - Uninstalls the Profile build.
uninstallRelease - Uninstalls the Release build.

Verification tasks
------------------
check - Runs all checks.
connectedAndroidTest - Installs and runs instrumentation tests for all flavors on connected devices.
connectedCheck - Runs all device checks on currently connected devices.
connectedDebugAndroidTest - Installs and runs the tests for debug on connected devices.
deviceAndroidTest - Installs and runs instrumentation tests using all Device Providers.
deviceCheck - Runs all device checks using Device Providers and Test Servers.
lint - Runs lint on all variants.
lintDebug - Runs lint on the Debug build.
lintDynamicProfile - Runs lint on the DynamicProfile build.
lintDynamicRelease - Runs lint on the DynamicRelease build.
lintProfile - Runs lint on the Profile build.
lintRelease - Runs lint on the Release build.
lintVitalRelease - Runs lint on just the fatal issues in the release build.
test - Run unit tests for all variants.
testDebugUnitTest - Run unit tests for the debug build.
testDynamicProfileUnitTest - Run unit tests for the dynamicProfile build.
testDynamicReleaseUnitTest - Run unit tests for the dynamicRelease build.
testProfileUnitTest - Run unit tests for the profile build.
testReleaseUnitTest - Run unit tests for the release build.

Other tasks
-----------
assembleDebugAndroidTest
assembleDebugUnitTest
assembleDynamicProfileUnitTest
assembleDynamicReleaseUnitTest
assembleProfileUnitTest
assembleReleaseUnitTest
buildDebugPreBundle
buildDynamicProfilePreBundle
buildDynamicReleasePreBundle
buildProfilePreBundle
buildReleasePreBundle
bundle
bundleDebugAndroidTestResources
bundleDebugResources
bundleDynamicProfileResources
bundleDynamicReleaseResources
bundleProfileResources
bundleReleaseResources
checkDebugAndroidTestClasspath
checkDebugClasspath
checkDebugLibraries
checkDebugManifest
checkDynamicProfileClasspath
checkDynamicProfileLibraries
checkDynamicProfileManifest
checkDynamicReleaseClasspath
checkDynamicReleaseLibraries
checkDynamicReleaseManifest
checkProfileClasspath
checkProfileLibraries
checkProfileManifest
checkReleaseClasspath
checkReleaseLibraries
checkReleaseManifest
compileDebugAidl
compileDebugAndroidTestAidl
compileDebugAndroidTestJavaWithJavac
compileDebugAndroidTestNdk
compileDebugAndroidTestRenderscript
compileDebugAndroidTestShaders
compileDebugJavaWithJavac
compileDebugNdk
compileDebugRenderscript
compileDebugShaders
compileDebugUnitTestJavaWithJavac
compileDynamicProfileAidl
compileDynamicProfileJavaWithJavac
compileDynamicProfileNdk
compileDynamicProfileRenderscript
compileDynamicProfileShaders
compileDynamicProfileUnitTestJavaWithJavac
compileDynamicReleaseAidl
compileDynamicReleaseJavaWithJavac
compileDynamicReleaseNdk
compileDynamicReleaseRenderscript
compileDynamicReleaseShaders
compileDynamicReleaseUnitTestJavaWithJavac
compileLint
compileProfileAidl
compileProfileJavaWithJavac
compileProfileNdk
compileProfileRenderscript
compileProfileShaders
compileProfileUnitTestJavaWithJavac
compileReleaseAidl
compileReleaseJavaWithJavac
compileReleaseNdk
compileReleaseRenderscript
compileReleaseShaders
compileReleaseUnitTestJavaWithJavac
consumeConfigAttr
copyFlutterAssetsDebug
copyFlutterAssetsDynamicProfile
copyFlutterAssetsDynamicRelease
copyFlutterAssetsProfile
copyFlutterAssetsRelease
createDebugCompatibleScreenManifests
createDynamicProfileCompatibleScreenManifests
createDynamicReleaseCompatibleScreenManifests
createMockableJar
createProfileCompatibleScreenManifests
createReleaseCompatibleScreenManifests
extractApksForDebug
extractApksForDynamicProfile
extractApksForDynamicRelease
extractApksForProfile
extractApksForRelease
extractProguardFiles
flutterBuildDebug
flutterBuildDynamicProfile
flutterBuildDynamicRelease
flutterBuildProfile
flutterBuildRelease
flutterBuildX86Jar
generateDebugAndroidTestAssets
generateDebugAndroidTestBuildConfig
generateDebugAndroidTestResources
generateDebugAndroidTestResValues
generateDebugAndroidTestSources
generateDebugAssets
generateDebugBuildConfig
generateDebugFeatureMetadata
generateDebugFeatureTransitiveDeps
generateDebugResources
generateDebugResValues
generateDebugSources
generateDebugUnitTestAssets
generateDebugUnitTestResources
generateDebugUnitTestSources
generateDynamicProfileAssets
generateDynamicProfileBuildConfig
generateDynamicProfileFeatureMetadata
generateDynamicProfileFeatureTransitiveDeps
generateDynamicProfileResources
generateDynamicProfileResValues
generateDynamicProfileSources
generateDynamicProfileUnitTestAssets
generateDynamicProfileUnitTestResources
generateDynamicProfileUnitTestSources
generateDynamicReleaseAssets
generateDynamicReleaseBuildConfig
generateDynamicReleaseFeatureMetadata
generateDynamicReleaseFeatureTransitiveDeps
generateDynamicReleaseResources
generateDynamicReleaseResValues
generateDynamicReleaseSources
generateDynamicReleaseUnitTestAssets
generateDynamicReleaseUnitTestResources
generateDynamicReleaseUnitTestSources
generateProfileAssets
generateProfileBuildConfig
generateProfileFeatureMetadata
generateProfileFeatureTransitiveDeps
generateProfileResources
generateProfileResValues
generateProfileSources
generateProfileUnitTestAssets
generateProfileUnitTestResources
generateProfileUnitTestSources
generateReleaseAssets
generateReleaseBuildConfig
generateReleaseFeatureMetadata
generateReleaseFeatureTransitiveDeps
generateReleaseResources
generateReleaseResValues
generateReleaseSources
generateReleaseUnitTestAssets
generateReleaseUnitTestResources
generateReleaseUnitTestSources
javaPreCompileDebug
javaPreCompileDebugAndroidTest
javaPreCompileDebugUnitTest
javaPreCompileDynamicProfile
javaPreCompileDynamicProfileUnitTest
javaPreCompileDynamicRelease
javaPreCompileDynamicReleaseUnitTest
javaPreCompileProfile
javaPreCompileProfileUnitTest
javaPreCompileRelease
javaPreCompileReleaseUnitTest
mainApkListPersistenceDebug
mainApkListPersistenceDebugAndroidTest
mainApkListPersistenceDynamicProfile
mainApkListPersistenceDynamicRelease
mainApkListPersistenceProfile
mainApkListPersistenceRelease
makeApkFromBundleForDebug
makeApkFromBundleForDynamicProfile
makeApkFromBundleForDynamicRelease
makeApkFromBundleForProfile
makeApkFromBundleForRelease
mergeDebugAndroidTestAssets
mergeDebugAndroidTestJniLibFolders
mergeDebugAndroidTestResources
mergeDebugAndroidTestShaders
mergeDebugAssets
mergeDebugJniLibFolders
mergeDebugResources
mergeDebugShaders
mergeDynamicProfileAssets
mergeDynamicProfileJniLibFolders
mergeDynamicProfileResources
mergeDynamicProfileShaders
mergeDynamicReleaseAssets
mergeDynamicReleaseJniLibFolders
mergeDynamicReleaseResources
mergeDynamicReleaseShaders
mergeProfileAssets
mergeProfileJniLibFolders
mergeProfileResources
mergeProfileShaders
mergeReleaseAssets
mergeReleaseJniLibFolders
mergeReleaseResources
mergeReleaseShaders
packageAppClassesDebug
packageAppClassesDebugAndroidTest
packageAppClassesDebugUnitTest
packageAppClassesDynamicProfile
packageAppClassesDynamicProfileUnitTest
packageAppClassesDynamicRelease
packageAppClassesDynamicReleaseUnitTest
packageAppClassesProfile
packageAppClassesProfileUnitTest
packageAppClassesRelease
packageAppClassesReleaseUnitTest
packageDebug
packageDebugAndroidTest
packageDebugBundle
packageDebugUniversalApk
packageDynamicProfile
packageDynamicProfileBundle
packageDynamicProfileUniversalApk
packageDynamicRelease
packageDynamicReleaseBundle
packageDynamicReleaseUniversalApk
packageProfile
packageProfileBundle
packageProfileUniversalApk
packageRelease
packageReleaseBundle
packageReleaseUniversalApk
preBuild
preDebugAndroidTestBuild
preDebugBuild
preDebugUnitTestBuild
preDynamicProfileBuild
preDynamicProfileUnitTestBuild
preDynamicReleaseBuild
preDynamicReleaseUnitTestBuild
prepareLintJar
preProfileBuild
preProfileUnitTestBuild
preReleaseBuild
preReleaseUnitTestBuild
processDebugAndroidTestJavaRes
processDebugAndroidTestManifest
processDebugAndroidTestResources
processDebugJavaRes
processDebugManifest
processDebugResources
processDebugUnitTestJavaRes
processDynamicProfileJavaRes
processDynamicProfileManifest
processDynamicProfileResources
processDynamicProfileUnitTestJavaRes
processDynamicReleaseJavaRes
processDynamicReleaseManifest
processDynamicReleaseResources
processDynamicReleaseUnitTestJavaRes
processProfileJavaRes
processProfileManifest
processProfileResources
processProfileUnitTestJavaRes
processReleaseJavaRes
processReleaseManifest
processReleaseResources
processReleaseUnitTestJavaRes
reportBuildArtifactsDebug
reportBuildArtifactsDynamicProfile
reportBuildArtifactsDynamicRelease
reportBuildArtifactsProfile
reportBuildArtifactsRelease
reportSourceSetTransformAndroidTest
reportSourceSetTransformAndroidTestDebug
reportSourceSetTransformDebug
reportSourceSetTransformDynamicProfile
reportSourceSetTransformDynamicRelease
reportSourceSetTransformMain
reportSourceSetTransformProfile
reportSourceSetTransformRelease
reportSourceSetTransformTest
reportSourceSetTransformTestDebug
reportSourceSetTransformTestDynamicProfile
reportSourceSetTransformTestDynamicRelease
reportSourceSetTransformTestProfile
reportSourceSetTransformTestRelease
resolveConfigAttr
splitsDiscoveryTaskDebug
splitsDiscoveryTaskDynamicProfile
splitsDiscoveryTaskDynamicRelease
splitsDiscoveryTaskProfile
splitsDiscoveryTaskRelease
transformClassesWithDexBuilderForDebug
transformClassesWithDexBuilderForDebugAndroidTest
transformClassesWithDexBuilderForDynamicProfile
transformClassesWithDexBuilderForDynamicRelease
transformClassesWithDexBuilderForProfile
transformClassesWithDexBuilderForRelease
transformDexArchiveWithDexMergerForDebug
transformDexArchiveWithDexMergerForDebugAndroidTest
transformDexArchiveWithDexMergerForDynamicProfile
transformDexArchiveWithDexMergerForDynamicRelease
transformDexArchiveWithDexMergerForProfile
transformDexArchiveWithDexMergerForRelease
transformDexArchiveWithExternalLibsDexMergerForDebug
transformDexArchiveWithExternalLibsDexMergerForDebugAndroidTest
transformDexArchiveWithExternalLibsDexMergerForDynamicProfile
transformDexArchiveWithExternalLibsDexMergerForDynamicRelease
transformDexArchiveWithExternalLibsDexMergerForProfile
transformDexArchiveWithExternalLibsDexMergerForRelease
transformNativeLibsWithMergeJniLibsForDebug
transformNativeLibsWithMergeJniLibsForDebugAndroidTest
transformNativeLibsWithMergeJniLibsForDynamicProfile
transformNativeLibsWithMergeJniLibsForDynamicRelease
transformNativeLibsWithMergeJniLibsForProfile
transformNativeLibsWithMergeJniLibsForRelease
transformResourcesWithMergeJavaResForDebug
transformResourcesWithMergeJavaResForDebugAndroidTest
transformResourcesWithMergeJavaResForDebugUnitTest
transformResourcesWithMergeJavaResForDynamicProfile
transformResourcesWithMergeJavaResForDynamicProfileUnitTest
transformResourcesWithMergeJavaResForDynamicRelease
transformResourcesWithMergeJavaResForDynamicReleaseUnitTest
transformResourcesWithMergeJavaResForProfile
transformResourcesWithMergeJavaResForProfileUnitTest
transformResourcesWithMergeJavaResForRelease
transformResourcesWithMergeJavaResForReleaseUnitTest
validateSigningDebug
validateSigningDebugAndroidTest
validateSigningDynamicProfile
validateSigningDynamicRelease
validateSigningProfile
validateSigningRelease
writeDebugApplicationId
writeDynamicProfileApplicationId
writeDynamicReleaseApplicationId
writeProfileApplicationId
writeReleaseApplicationId

Rules
-----
Pattern: clean<TaskName>: Cleans the output files of a task.
Pattern: build<ConfigurationName>: Assembles the artifacts of a configuration.
Pattern: upload<ConfigurationName>: Assembles and uploads the artifacts belonging to a configuration.
1 actionable task: 1 executed
