N: android=http://schemas.android.com/apk/res/android
  E: manifest (line=2)
    A: android:versionCode(0x0101021b)=(type 0x10)0x1
    A: android:versionName(0x0101021c)="1.0.0" (Raw: "1.0.0")
    A: android:compileSdkVersion(0x01010572)=(type 0x10)0x1c
    A: android:compileSdkVersionCodename(0x01010573)="9" (Raw: "9")
    A: package="com.example.myapp" (Raw: "com.example.myapp")
    A: platformBuildVersionCode=(type 0x10)0x1
    A: platformBuildVersionName="1.0.0" (Raw: "1.0.0")
    E: uses-sdk (line=7)
      A: android:minSdkVersion(0x0101020c)=(type 0x10)0x10
      A: android:targetSdkVersion(0x01010270)=(type 0x10)0x1c
    E: uses-permission (line=14)
      A: android:name(0x01010003)="android.permission.INTERNET" (Raw: "android.permission.INTERNET")
    E: application (line=22)
      A: android:label(0x01010001)="myapp" (Raw: "myapp")
      A: android:icon(0x01010002)=@0x7f020000
      A: android:name(0x01010003)="io.flutter.app.FlutterApplication" (Raw: "io.flutter.app.FlutterApplication")
      A: android:debuggable(0x0101000f)=(type 0x12)0xffffffff
      E: activity (line=27)
        A: android:theme(0x01010000)=@0x7f030000
        A: android:name(0x01010003)="com.example.myapp.MainActivity" (Raw: "com.example.myapp.MainActivity")
        A: android:launchMode(0x0101001d)=(type 0x10)0x1
        A: android:configChanges(0x0101001f)=(type 0x11)0x400037b4
        A: android:windowSoftInputMode(0x0101022b)=(type 0x11)0x10
        A: android:hardwareAccelerated(0x010102d3)=(type 0x12)0xffffffff
        E: meta-data (line=41)
          A: android:name(0x01010003)="io.flutter.app.android.SplashScreenUntilFirstFrame" (Raw: "io.flutter.app.android.SplashScreenUntilFirstFrame")
          A: android:value(0x01010024)=(type 0x12)0xffffffff
        E: intent-filter (line=45)
          E: action (line=46)
            A: android:name(0x01010003)="android.intent.action.MAIN" (Raw: "android.intent.action.MAIN")
          E: category (line=48)
            A: android:name(0x01010003)="android.intent.category.LAUNCHER" (Raw: "android.intent.category.LAUNCHER")
